[2m2025-09-07T11:58:56.519103Z[0m [34mDEBUG[0m [2matac::tui::events[0m[2m:[0m Key pressed: h
[2m2025-09-07T11:58:56.813916Z[0m [34mDEBUG[0m [2matac::tui::events[0m[2m:[0m Key pressed: j
[2m2025-09-07T11:58:56.940030Z[0m [34mDEBUG[0m [2matac::tui::events[0m[2m:[0m Key pressed: j
[2m2025-09-07T11:58:57.258178Z[0m [34mDEBUG[0m [2matac::tui::events[0m[2m:[0m Key pressed: j
[2m2025-09-07T11:58:57.396203Z[0m [34mDEBUG[0m [2matac::tui::events[0m[2m:[0m Key pressed: j
[2m2025-09-07T11:59:01.231363Z[0m [34mDEBUG[0m [2matac::tui::events[0m[2m:[0m Key pressed: Shift-n
[2m2025-09-07T11:59:04.253906Z[0m [34mDEBUG[0m [2matac::tui::events[0m[2m:[0m Key pressed: Enter
[2m2025-09-07T11:59:08.138566Z[0m [34mDEBUG[0m [2matac::tui::events[0m[2m:[0m Key pressed: Shift-c
[2m2025-09-07T11:59:08.242021Z[0m [34mDEBUG[0m [2matac::tui::events[0m[2m:[0m Key pressed: l
[2m2025-09-07T11:59:08.391267Z[0m [34mDEBUG[0m [2matac::tui::events[0m[2m:[0m Key pressed: i
[2m2025-09-07T11:59:08.493035Z[0m [34mDEBUG[0m [2matac::tui::events[0m[2m:[0m Key pressed: p
[2m2025-09-07T11:59:08.980476Z[0m [34mDEBUG[0m [2matac::tui::events[0m[2m:[0m Key pressed: Shift-n
[2m2025-09-07T11:59:09.144404Z[0m [34mDEBUG[0m [2matac::tui::events[0m[2m:[0m Key pressed: e
[2m2025-09-07T11:59:09.198614Z[0m [34mDEBUG[0m [2matac::tui::events[0m[2m:[0m Key pressed: s
[2m2025-09-07T11:59:09.249256Z[0m [34mDEBUG[0m [2matac::tui::events[0m[2m:[0m Key pressed: t
[2m2025-09-07T11:59:09.505329Z[0m [32m INFO[0m [2matac::app::business_logic::collection[0m[2m:[0m Collection "ClipNest" created
[2m2025-09-07T11:59:09.505372Z[0m [32m INFO[0m [2matac::app::files::collection[0m[2m:[0m Saving collection "ClipNest"
[2m2025-09-07T11:59:09.505462Z[0m [34mDEBUG[0m [2matac::tui::events[0m[2m:[0m Key pressed: Enter
[2m2025-09-07T11:59:10.173666Z[0m [34mDEBUG[0m [2matac::tui::events[0m[2m:[0m Key pressed: j
[2m2025-09-07T11:59:10.453172Z[0m [34mDEBUG[0m [2matac::tui::events[0m[2m:[0m Key pressed: Enter
[2m2025-09-07T11:59:11.205461Z[0m [34mDEBUG[0m [2matac::tui::events[0m[2m:[0m Key pressed: Shift-n
[2m2025-09-07T11:59:12.815299Z[0m [34mDEBUG[0m [2matac::tui::events[0m[2m:[0m Key pressed: Enter
[2m2025-09-07T11:59:13.931230Z[0m [34mDEBUG[0m [2matac::tui::events[0m[2m:[0m Key pressed: Esc
[2m2025-09-07T11:59:14.966420Z[0m [34mDEBUG[0m [2matac::tui::events[0m[2m:[0m Key pressed: Enter
[2m2025-09-07T11:59:17.554830Z[0m [34mDEBUG[0m [2matac::tui::events[0m[2m:[0m Key pressed: Enter
[2m2025-09-07T11:59:18.173917Z[0m [34mDEBUG[0m [2matac::tui::events[0m[2m:[0m Key pressed: Shift-n
[2m2025-09-07T11:59:19.834179Z[0m [34mDEBUG[0m [2matac::tui::events[0m[2m:[0m Key pressed: h
[2m2025-09-07T11:59:20.086540Z[0m [34mDEBUG[0m [2matac::tui::events[0m[2m:[0m Key pressed: l
[2m2025-09-07T11:59:20.676778Z[0m [34mDEBUG[0m [2matac::tui::events[0m[2m:[0m Key pressed: h
[2m2025-09-07T11:59:22.074552Z[0m [34mDEBUG[0m [2matac::tui::events[0m[2m:[0m Key pressed: l
[2m2025-09-07T11:59:22.343290Z[0m [34mDEBUG[0m [2matac::tui::events[0m[2m:[0m Key pressed: Enter
[2m2025-09-07T11:59:22.871357Z[0m [34mDEBUG[0m [2matac::tui::events[0m[2m:[0m Key pressed: Esc
[2m2025-09-07T11:59:23.478617Z[0m [34mDEBUG[0m [2matac::tui::events[0m[2m:[0m Key pressed: Shift-n
[2m2025-09-07T11:59:24.460671Z[0m [34mDEBUG[0m [2matac::tui::events[0m[2m:[0m Key pressed: l
[2m2025-09-07T11:59:24.804180Z[0m [34mDEBUG[0m [2matac::tui::events[0m[2m:[0m Key pressed: Enter
[2m2025-09-07T11:59:34.126035Z[0m [34mDEBUG[0m [2matac::tui::events[0m[2m:[0m Key pressed: Shift-g
[2m2025-09-07T11:59:34.283178Z[0m [34mDEBUG[0m [2matac::tui::events[0m[2m:[0m Key pressed: e
[2m2025-09-07T11:59:34.340169Z[0m [34mDEBUG[0m [2matac::tui::events[0m[2m:[0m Key pressed: t
[2m2025-09-07T11:59:34.645694Z[0m [34mDEBUG[0m [2matac::tui::events[0m[2m:[0m Key pressed: Shift-f
[2m2025-09-07T11:59:34.780012Z[0m [34mDEBUG[0m [2matac::tui::events[0m[2m:[0m Key pressed: o
[2m2025-09-07T11:59:34.935295Z[0m [34mDEBUG[0m [2matac::tui::events[0m[2m:[0m Key pressed: l
[2m2025-09-07T11:59:35.037557Z[0m [34mDEBUG[0m [2matac::tui::events[0m[2m:[0m Key pressed: d
[2m2025-09-07T11:59:35.257558Z[0m [34mDEBUG[0m [2matac::tui::events[0m[2m:[0m Key pressed: e
[2m2025-09-07T11:59:35.341006Z[0m [34mDEBUG[0m [2matac::tui::events[0m[2m:[0m Key pressed: r
[2m2025-09-07T11:59:35.507859Z[0m [34mDEBUG[0m [2matac::tui::events[0m[2m:[0m Key pressed: s
[2m2025-09-07T11:59:35.841907Z[0m [32m INFO[0m [2matac::app::business_logic::collection[0m[2m:[0m Request "GetFolders" created in collection "ClipNest"
[2m2025-09-07T11:59:35.841954Z[0m [32m INFO[0m [2matac::app::files::collection[0m[2m:[0m Saving collection "ClipNest"
[2m2025-09-07T11:59:35.842134Z[0m [34mDEBUG[0m [2matac::tui::events[0m[2m:[0m Key pressed: Enter
[2m2025-09-07T11:59:36.693898Z[0m [34mDEBUG[0m [2matac::tui::events[0m[2m:[0m Key pressed: h
[2m2025-09-07T11:59:37.243953Z[0m [34mDEBUG[0m [2matac::tui::events[0m[2m:[0m Key pressed: Enter
[2m2025-09-07T11:59:37.684472Z[0m [34mDEBUG[0m [2matac::tui::events[0m[2m:[0m Key pressed: j
[2m2025-09-07T11:59:38.092841Z[0m [34mDEBUG[0m [2matac::tui::events[0m[2m:[0m Key pressed: j
[2m2025-09-07T11:59:38.273613Z[0m [34mDEBUG[0m [2matac::tui::events[0m[2m:[0m Key pressed: j
[2m2025-09-07T11:59:38.389031Z[0m [34mDEBUG[0m [2matac::tui::events[0m[2m:[0m Key pressed: j
[2m2025-09-07T11:59:38.547210Z[0m [34mDEBUG[0m [2matac::tui::events[0m[2m:[0m Key pressed: j
[2m2025-09-07T11:59:38.684877Z[0m [34mDEBUG[0m [2matac::tui::events[0m[2m:[0m Key pressed: j
[2m2025-09-07T11:59:38.908274Z[0m [34mDEBUG[0m [2matac::tui::events[0m[2m:[0m Key pressed: Enter
[2m2025-09-07T11:59:39.422204Z[0m [34mDEBUG[0m [2matac::tui::events[0m[2m:[0m Key pressed: l
[2m2025-09-07T11:59:39.909627Z[0m [34mDEBUG[0m [2matac::tui::events[0m[2m:[0m Key pressed: j
[2m2025-09-07T11:59:45.895768Z[0m [34mDEBUG[0m [2matac::tui::events[0m[2m:[0m Key pressed: l
[2m2025-09-07T11:59:46.044703Z[0m [34mDEBUG[0m [2matac::tui::events[0m[2m:[0m Key pressed: l
[2m2025-09-07T11:59:48.237950Z[0m [32m INFO[0m [2matac::tui::tui_logic::request::method[0m[2m:[0m Method set to "POST"
[2m2025-09-07T11:59:48.237988Z[0m [32m INFO[0m [2matac::app::files::collection[0m[2m:[0m Saving collection "ClipNest"
[2m2025-09-07T11:59:48.238152Z[0m [34mDEBUG[0m [2matac::tui::events[0m[2m:[0m Key pressed: Shift-m
[2m2025-09-07T11:59:48.610451Z[0m [32m INFO[0m [2matac::tui::tui_logic::request::method[0m[2m:[0m Method set to "PUT"
[2m2025-09-07T11:59:48.610514Z[0m [32m INFO[0m [2matac::app::files::collection[0m[2m:[0m Saving collection "ClipNest"
[2m2025-09-07T11:59:48.610704Z[0m [34mDEBUG[0m [2matac::tui::events[0m[2m:[0m Key pressed: Shift-m
[2m2025-09-07T11:59:48.949960Z[0m [32m INFO[0m [2matac::tui::tui_logic::request::method[0m[2m:[0m Method set to "PATCH"
[2m2025-09-07T11:59:48.949988Z[0m [32m INFO[0m [2matac::app::files::collection[0m[2m:[0m Saving collection "ClipNest"
[2m2025-09-07T11:59:48.950146Z[0m [34mDEBUG[0m [2matac::tui::events[0m[2m:[0m Key pressed: Shift-m
[2m2025-09-07T11:59:49.222101Z[0m [32m INFO[0m [2matac::tui::tui_logic::request::method[0m[2m:[0m Method set to "DELETE"
[2m2025-09-07T11:59:49.222132Z[0m [32m INFO[0m [2matac::app::files::collection[0m[2m:[0m Saving collection "ClipNest"
[2m2025-09-07T11:59:49.222280Z[0m [34mDEBUG[0m [2matac::tui::events[0m[2m:[0m Key pressed: Shift-m
[2m2025-09-07T11:59:49.486799Z[0m [32m INFO[0m [2matac::tui::tui_logic::request::method[0m[2m:[0m Method set to "OPTIONS"
[2m2025-09-07T11:59:49.486835Z[0m [32m INFO[0m [2matac::app::files::collection[0m[2m:[0m Saving collection "ClipNest"
[2m2025-09-07T11:59:49.486992Z[0m [34mDEBUG[0m [2matac::tui::events[0m[2m:[0m Key pressed: Shift-m
[2m2025-09-07T11:59:50.079292Z[0m [32m INFO[0m [2matac::tui::tui_logic::request::method[0m[2m:[0m Method set to "HEAD"
[2m2025-09-07T11:59:50.079352Z[0m [32m INFO[0m [2matac::app::files::collection[0m[2m:[0m Saving collection "ClipNest"
[2m2025-09-07T11:59:50.079615Z[0m [34mDEBUG[0m [2matac::tui::events[0m[2m:[0m Key pressed: Shift-m
[2m2025-09-07T11:59:50.721395Z[0m [32m INFO[0m [2matac::tui::tui_logic::request::method[0m[2m:[0m Method set to "TRACE"
[2m2025-09-07T11:59:50.721442Z[0m [32m INFO[0m [2matac::app::files::collection[0m[2m:[0m Saving collection "ClipNest"
[2m2025-09-07T11:59:50.721628Z[0m [34mDEBUG[0m [2matac::tui::events[0m[2m:[0m Key pressed: Shift-m
[2m2025-09-07T11:59:51.141720Z[0m [32m INFO[0m [2matac::tui::tui_logic::request::method[0m[2m:[0m Method set to "CONNECT"
[2m2025-09-07T11:59:51.141755Z[0m [32m INFO[0m [2matac::app::files::collection[0m[2m:[0m Saving collection "ClipNest"
[2m2025-09-07T11:59:51.141926Z[0m [34mDEBUG[0m [2matac::tui::events[0m[2m:[0m Key pressed: Shift-m
[2m2025-09-07T11:59:51.600681Z[0m [32m INFO[0m [2matac::tui::tui_logic::request::method[0m[2m:[0m Method set to "GET"
[2m2025-09-07T11:59:51.600749Z[0m [32m INFO[0m [2matac::app::files::collection[0m[2m:[0m Saving collection "ClipNest"
[2m2025-09-07T11:59:51.600948Z[0m [34mDEBUG[0m [2matac::tui::events[0m[2m:[0m Key pressed: Shift-m
[2m2025-09-07T11:59:56.877554Z[0m [34mDEBUG[0m [2matac::tui::events[0m[2m:[0m Key pressed: h
[2m2025-09-07T11:59:57.551187Z[0m [34mDEBUG[0m [2matac::tui::events[0m[2m:[0m Key pressed: k
[2m2025-09-07T11:59:57.695841Z[0m [34mDEBUG[0m [2matac::tui::events[0m[2m:[0m Key pressed: k
