/usr/bin/bashtop: line 660: ((: <80 | <24: syntax error: operand expected (error token is "<80 | <24")
stty: 'standard input': Inappropriate ioctl for device
stty: 'standard input': Inappropriate ioctl for device
/usr/bin/bashtop: line 660: ((: <80 | <24: syntax error: operand expected (error token is "<80 | <24")
stty: 'standard input': Inappropriate ioctl for device
stty: 'standard input': Inappropriate ioctl for device
/usr/bin/bashtop: line 660: ((: <80 | <24: syntax error: operand expected (error token is "<80 | <24")
stty: 'standard input': Inappropriate ioctl for device
stty: 'standard input': Inappropriate ioctl for device
/usr/bin/bashtop: line 660: ((: <80 | <24: syntax error: operand expected (error token is "<80 | <24")
stty: 'standard input': Inappropriate ioctl for device
stty: 'standard input': Inappropriate ioctl for device
/usr/bin/bashtop: line 660: ((: <80 | <24: syntax error: operand expected (error token is "<80 | <24")
stty: 'standard input': Inappropriate ioctl for device
stty: 'standard input': Inappropriate ioctl for device
/usr/bin/bashtop: line 660: ((: <80 | <24: syntax error: operand expected (error token is "<80 | <24")
stty: 'standard input': Inappropriate ioctl for device
stty: 'standard input': Inappropriate ioctl for device
/usr/bin/bashtop: line 660: ((: <80 | <24: syntax error: operand expected (error token is "<80 | <24")
stty: 'standard input': Inappropriate ioctl for device
stty: 'standard input': Inappropriate ioctl for device
/usr/bin/bashtop: line 660: ((: <80 | <24: syntax error: operand expected (error token is "<80 | <24")
stty: 'standard input': Inappropriate ioctl for device
stty: 'standard input': Inappropriate ioctl for device
/usr/bin/bashtop: line 660: ((: <80 | <24: syntax error: operand expected (error token is "<80 | <24")
stty: 'standard input': Inappropriate ioctl for device
stty: 'standard input': Inappropriate ioctl for device
/usr/bin/bashtop: line 660: ((: <80 | <24: syntax error: operand expected (error token is "<80 | <24")
stty: 'standard input': Inappropriate ioctl for device
stty: 'standard input': Inappropriate ioctl for device
/usr/bin/bashtop: line 660: ((: <80 | <24: syntax error: operand expected (error token is "<80 | <24")
stty: 'standard input': Inappropriate ioctl for device
stty: 'standard input': Inappropriate ioctl for device
/usr/bin/bashtop: line 660: ((: <80 | <24: syntax error: operand expected (error token is "<80 | <24")
stty: 'standard input': Inappropriate ioctl for device
stty: 'standard input': Inappropriate ioctl for device
/usr/bin/bashtop: line 660: ((: <80 | <24: syntax error: operand expected (error token is "<80 | <24")
stty: 'standard input': Inappropriate ioctl for device
stty: 'standard input': Inappropriate ioctl for device
/usr/bin/bashtop: line 660: ((: <80 | <24: syntax error: operand expected (error token is "<80 | <24")
stty: 'standard input': Inappropriate ioctl for device
stty: 'standard input': Inappropriate ioctl for device
/usr/bin/bashtop: line 660: ((: <80 | <24: syntax error: operand expected (error token is "<80 | <24")
stty: 'standard input': Inappropriate ioctl for device
stty: 'standard input': Inappropriate ioctl for device
/usr/bin/bashtop: line 660: ((: <80 | <24: syntax error: operand expected (error token is "<80 | <24")
stty: 'standard input': Inappropriate ioctl for device
stty: 'standard input': Inappropriate ioctl for device
/usr/bin/bashtop: line 660: ((: <80 | <24: syntax error: operand expected (error token is "<80 | <24")
stty: 'standard input': Inappropriate ioctl for device
stty: 'standard input': Inappropriate ioctl for device
/usr/bin/bashtop: line 660: ((: <80 | <24: syntax error: operand expected (error token is "<80 | <24")
stty: 'standard input': Inappropriate ioctl for device
stty: 'standard input': Inappropriate ioctl for device
/usr/bin/bashtop: line 660: ((: <80 | <24: syntax error: operand expected (error token is "<80 | <24")
stty: 'standard input': Inappropriate ioctl for device
stty: 'standard input': Inappropriate ioctl for device
/usr/bin/bashtop: line 660: ((: <80 | <24: syntax error: operand expected (error token is "<80 | <24")
stty: 'standard input': Inappropriate ioctl for device
stty: 'standard input': Inappropriate ioctl for device
/usr/bin/bashtop: line 660: ((: <80 | <24: syntax error: operand expected (error token is "<80 | <24")
stty: 'standard input': Inappropriate ioctl for device
stty: 'standard input': Inappropriate ioctl for device
/usr/bin/bashtop: line 660: ((: <80 | <24: syntax error: operand expected (error token is "<80 | <24")
stty: 'standard input': Inappropriate ioctl for device
stty: 'standard input': Inappropriate ioctl for device
/usr/bin/bashtop: line 660: ((: <80 | <24: syntax error: operand expected (error token is "<80 | <24")
stty: 'standard input': Inappropriate ioctl for device
stty: 'standard input': Inappropriate ioctl for device
/usr/bin/bashtop: line 660: ((: <80 | <24: syntax error: operand expected (error token is "<80 | <24")
stty: 'standard input': Inappropriate ioctl for device
stty: 'standard input': Inappropriate ioctl for device
/usr/bin/bashtop: line 660: ((: <80 | <24: syntax error: operand expected (error token is "<80 | <24")
stty: 'standard input': Inappropriate ioctl for device
stty: 'standard input': Inappropriate ioctl for device
/usr/bin/bashtop: line 660: ((: <80 | <24: syntax error: operand expected (error token is "<80 | <24")
stty: 'standard input': Inappropriate ioctl for device
stty: 'standard input': Inappropriate ioctl for device
/usr/bin/bashtop: line 660: ((: <80 | <24: syntax error: operand expected (error token is "<80 | <24")
stty: 'standard input': Inappropriate ioctl for device
stty: 'standard input': Inappropriate ioctl for device
/usr/bin/bashtop: line 660: ((: <80 | <24: syntax error: operand expected (error token is "<80 | <24")
stty: 'standard input': Inappropriate ioctl for device
stty: 'standard input': Inappropriate ioctl for device
/usr/bin/bashtop: line 660: ((: <80 | <24: syntax error: operand expected (error token is "<80 | <24")
stty: 'standard input': Inappropriate ioctl for device
stty: 'standard input': Inappropriate ioctl for device
/usr/bin/bashtop: line 660: ((: <80 | <24: syntax error: operand expected (error token is "<80 | <24")
stty: 'standard input': Inappropriate ioctl for device
stty: 'standard input': Inappropriate ioctl for device
/usr/bin/bashtop: line 660: ((: <80 | <24: syntax error: operand expected (error token is "<80 | <24")
stty: 'standard input': Inappropriate ioctl for device
stty: 'standard input': Inappropriate ioctl for device
/usr/bin/bashtop: line 660: ((: <80 | <24: syntax error: operand expected (error token is "<80 | <24")
stty: 'standard input': Inappropriate ioctl for device
stty: 'standard input': Inappropriate ioctl for device
/usr/bin/bashtop: line 660: ((: <80 | <24: syntax error: operand expected (error token is "<80 | <24")
stty: 'standard input': Inappropriate ioctl for device
stty: 'standard input': Inappropriate ioctl for device
/usr/bin/bashtop: line 660: ((: <80 | <24: syntax error: operand expected (error token is "<80 | <24")
stty: 'standard input': Inappropriate ioctl for device
stty: 'standard input': Inappropriate ioctl for device
/usr/bin/bashtop: line 660: ((: <80 | <24: syntax error: operand expected (error token is "<80 | <24")
stty: 'standard input': Inappropriate ioctl for device
stty: 'standard input': Inappropriate ioctl for device
/usr/bin/bashtop: line 660: ((: <80 | <24: syntax error: operand expected (error token is "<80 | <24")
stty: 'standard input': Inappropriate ioctl for device
stty: 'standard input': Inappropriate ioctl for device
/usr/bin/bashtop: line 660: ((: <80 | <24: syntax error: operand expected (error token is "<80 | <24")
stty: 'standard input': Inappropriate ioctl for device
stty: 'standard input': Inappropriate ioctl for device
/usr/bin/bashtop: line 660: ((: <80 | <24: syntax error: operand expected (error token is "<80 | <24")
stty: 'standard input': Inappropriate ioctl for device
stty: 'standard input': Inappropriate ioctl for device
/usr/bin/bashtop: line 660: ((: <80 | <24: syntax error: operand expected (error token is "<80 | <24")
stty: 'standard input': Inappropriate ioctl for device
stty: 'standard input': Inappropriate ioctl for device
/usr/bin/bashtop: line 660: ((: <80 | <24: syntax error: operand expected (error token is "<80 | <24")
stty: 'standard input': Inappropriate ioctl for device
stty: 'standard input': Inappropriate ioctl for device
/usr/bin/bashtop: line 660: ((: <80 | <24: syntax error: operand expected (error token is "<80 | <24")
stty: 'standard input': Inappropriate ioctl for device
stty: 'standard input': Inappropriate ioctl for device
/usr/bin/bashtop: line 660: ((: <80 | <24: syntax error: operand expected (error token is "<80 | <24")
stty: 'standard input': Inappropriate ioctl for device
stty: 'standard input': Inappropriate ioctl for device
/usr/bin/bashtop: line 660: ((: <80 | <24: syntax error: operand expected (error token is "<80 | <24")
stty: 'standard input': Inappropriate ioctl for device
stty: 'standard input': Inappropriate ioctl for device
/usr/bin/bashtop: line 660: ((: <80 | <24: syntax error: operand expected (error token is "<80 | <24")
stty: 'standard input': Inappropriate ioctl for device
stty: 'standard input': Inappropriate ioctl for device
/usr/bin/bashtop: line 660: ((: <80 | <24: syntax error: operand expected (error token is "<80 | <24")
stty: 'standard input': Inappropriate ioctl for device
stty: 'standard input': Inappropriate ioctl for device
/usr/bin/bashtop: line 660: ((: <80 | <24: syntax error: operand expected (error token is "<80 | <24")
stty: 'standard input': Inappropriate ioctl for device
stty: 'standard input': Inappropriate ioctl for device
/usr/bin/bashtop: line 660: ((: <80 | <24: syntax error: operand expected (error token is "<80 | <24")
stty: 'standard input': Inappropriate ioctl for device
stty: 'standard input': Inappropriate ioctl for device
/usr/bin/bashtop: line 660: ((: <80 | <24: syntax error: operand expected (error token is "<80 | <24")
stty: 'standard input': Inappropriate ioctl for device
stty: 'standard input': Inappropriate ioctl for device
/usr/bin/bashtop: line 660: ((: <80 | <24: syntax error: operand expected (error token is "<80 | <24")
stty: 'standard input': Inappropriate ioctl for device
stty: 'standard input': Inappropriate ioctl for device
/usr/bin/bashtop: line 660: ((: <80 | <24: syntax error: operand expected (error token is "<80 | <24")
stty: 'standard input': Inappropriate ioctl for device
stty: 'standard input': Inappropriate ioctl for device
/usr/bin/bashtop: line 660: ((: <80 | <24: syntax error: operand expected (error token is "<80 | <24")
stty: 'standard input': Inappropriate ioctl for device
stty: 'standard input': Inappropriate ioctl for device
/usr/bin/bashtop: line 660: ((: <80 | <24: syntax error: operand expected (error token is "<80 | <24")
stty: 'standard input': Inappropriate ioctl for device
stty: 'standard input': Inappropriate ioctl for device
/usr/bin/bashtop: line 660: ((: <80 | <24: syntax error: operand expected (error token is "<80 | <24")
stty: 'standard input': Inappropriate ioctl for device
stty: 'standard input': Inappropriate ioctl for device
/usr/bin/bashtop: line 660: ((: <80 | <24: syntax error: operand expected (error token is "<80 | <24")
stty: 'standard input': Inappropriate ioctl for device
stty: 'standard input': Inappropriate ioctl for device
/usr/bin/bashtop: line 660: ((: <80 | <24: syntax error: operand expected (error token is "<80 | <24")
stty: 'standard input': Inappropriate ioctl for device
stty: 'standard input': Inappropriate ioctl for device
/usr/bin/bashtop: line 660: ((: <80 | <24: syntax error: operand expected (error token is "<80 | <24")
stty: 'standard input': Inappropriate ioctl for device
stty: 'standard input': Inappropriate ioctl for device
/usr/bin/bashtop: line 660: ((: <80 | <24: syntax error: operand expected (error token is "<80 | <24")
stty: 'standard input': Inappropriate ioctl for device
stty: 'standard input': Inappropriate ioctl for device
/usr/bin/bashtop: line 660: ((: <80 | <24: syntax error: operand expected (error token is "<80 | <24")
stty: 'standard input': Inappropriate ioctl for device
stty: 'standard input': Inappropriate ioctl for device
/usr/bin/bashtop: line 660: ((: <80 | <24: syntax error: operand expected (error token is "<80 | <24")
stty: 'standard input': Inappropriate ioctl for device
stty: 'standard input': Inappropriate ioctl for device
/usr/bin/bashtop: line 660: ((: <80 | <24: syntax error: operand expected (error token is "<80 | <24")
stty: 'standard input': Inappropriate ioctl for device
stty: 'standard input': Inappropriate ioctl for device
/usr/bin/bashtop: line 660: ((: <80 | <24: syntax error: operand expected (error token is "<80 | <24")
stty: 'standard input': Inappropriate ioctl for device
stty: 'standard input': Inappropriate ioctl for device
/usr/bin/bashtop: line 660: ((: <80 | <24: syntax error: operand expected (error token is "<80 | <24")
stty: 'standard input': Inappropriate ioctl for device
stty: 'standard input': Inappropriate ioctl for device
/usr/bin/bashtop: line 660: ((: <80 | <24: syntax error: operand expected (error token is "<80 | <24")
stty: 'standard input': Inappropriate ioctl for device
stty: 'standard input': Inappropriate ioctl for device
/usr/bin/bashtop: line 660: ((: <80 | <24: syntax error: operand expected (error token is "<80 | <24")
stty: 'standard input': Inappropriate ioctl for device
stty: 'standard input': Inappropriate ioctl for device
/usr/bin/bashtop: line 660: ((: <80 | <24: syntax error: operand expected (error token is "<80 | <24")
stty: 'standard input': Inappropriate ioctl for device
stty: 'standard input': Inappropriate ioctl for device
/usr/bin/bashtop: line 660: ((: <80 | <24: syntax error: operand expected (error token is "<80 | <24")
stty: 'standard input': Inappropriate ioctl for device
stty: 'standard input': Inappropriate ioctl for device
/usr/bin/bashtop: line 660: ((: <80 | <24: syntax error: operand expected (error token is "<80 | <24")
stty: 'standard input': Inappropriate ioctl for device
stty: 'standard input': Inappropriate ioctl for device
/usr/bin/bashtop: line 660: ((: <80 | <24: syntax error: operand expected (error token is "<80 | <24")
stty: 'standard input': Inappropriate ioctl for device
stty: 'standard input': Inappropriate ioctl for device
/usr/bin/bashtop: line 660: ((: <80 | <24: syntax error: operand expected (error token is "<80 | <24")
stty: 'standard input': Inappropriate ioctl for device
stty: 'standard input': Inappropriate ioctl for device
/usr/bin/bashtop: line 660: ((: <80 | <24: syntax error: operand expected (error token is "<80 | <24")
stty: 'standard input': Inappropriate ioctl for device
stty: 'standard input': Inappropriate ioctl for device
/usr/bin/bashtop: line 660: ((: <80 | <24: syntax error: operand expected (error token is "<80 | <24")
stty: 'standard input': Inappropriate ioctl for device
stty: 'standard input': Inappropriate ioctl for device
/usr/bin/bashtop: line 660: ((: <80 | <24: syntax error: operand expected (error token is "<80 | <24")
stty: 'standard input': Inappropriate ioctl for device
stty: 'standard input': Inappropriate ioctl for device
/usr/bin/bashtop: line 660: ((: <80 | <24: syntax error: operand expected (error token is "<80 | <24")
stty: 'standard input': Inappropriate ioctl for device
stty: 'standard input': Inappropriate ioctl for device
/usr/bin/bashtop: line 660: ((: <80 | <24: syntax error: operand expected (error token is "<80 | <24")
stty: 'standard input': Inappropriate ioctl for device
stty: 'standard input': Inappropriate ioctl for device
/usr/bin/bashtop: line 660: ((: <80 | <24: syntax error: operand expected (error token is "<80 | <24")
stty: 'standard input': Inappropriate ioctl for device
stty: 'standard input': Inappropriate ioctl for device
/usr/bin/bashtop: line 660: ((: <80 | <24: syntax error: operand expected (error token is "<80 | <24")
stty: 'standard input': Inappropriate ioctl for device
stty: 'standard input': Inappropriate ioctl for device
/usr/bin/bashtop: line 660: ((: <80 | <24: syntax error: operand expected (error token is "<80 | <24")
stty: 'standard input': Inappropriate ioctl for device
stty: 'standard input': Inappropriate ioctl for device
/usr/bin/bashtop: line 660: ((: <80 | <24: syntax error: operand expected (error token is "<80 | <24")
stty: 'standard input': Inappropriate ioctl for device
stty: 'standard input': Inappropriate ioctl for device
/usr/bin/bashtop: line 660: ((: <80 | <24: syntax error: operand expected (error token is "<80 | <24")
stty: 'standard input': Inappropriate ioctl for device
stty: 'standard input': Inappropriate ioctl for device
/usr/bin/bashtop: line 660: ((: <80 | <24: syntax error: operand expected (error token is "<80 | <24")
stty: 'standard input': Inappropriate ioctl for device
stty: 'standard input': Inappropriate ioctl for device
/usr/bin/bashtop: line 660: ((: <80 | <24: syntax error: operand expected (error token is "<80 | <24")
stty: 'standard input': Inappropriate ioctl for device
stty: 'standard input': Inappropriate ioctl for device
/usr/bin/bashtop: line 660: ((: <80 | <24: syntax error: operand expected (error token is "<80 | <24")
stty: 'standard input': Inappropriate ioctl for device
stty: 'standard input': Inappropriate ioctl for device
/usr/bin/bashtop: line 660: ((: <80 | <24: syntax error: operand expected (error token is "<80 | <24")
stty: 'standard input': Inappropriate ioctl for device
stty: 'standard input': Inappropriate ioctl for device
/usr/bin/bashtop: line 660: ((: <80 | <24: syntax error: operand expected (error token is "<80 | <24")
stty: 'standard input': Inappropriate ioctl for device
stty: 'standard input': Inappropriate ioctl for device
/usr/bin/bashtop: line 660: ((: <80 | <24: syntax error: operand expected (error token is "<80 | <24")
stty: 'standard input': Inappropriate ioctl for device
stty: 'standard input': Inappropriate ioctl for device
/usr/bin/bashtop: line 660: ((: <80 | <24: syntax error: operand expected (error token is "<80 | <24")
stty: 'standard input': Inappropriate ioctl for device
stty: 'standard input': Inappropriate ioctl for device
/usr/bin/bashtop: line 660: ((: <80 | <24: syntax error: operand expected (error token is "<80 | <24")
stty: 'standard input': Inappropriate ioctl for device
stty: 'standard input': Inappropriate ioctl for device
/usr/bin/bashtop: line 660: ((: <80 | <24: syntax error: operand expected (error token is "<80 | <24")
stty: 'standard input': Inappropriate ioctl for device
stty: 'standard input': Inappropriate ioctl for device
/usr/bin/bashtop: line 660: ((: <80 | <24: syntax error: operand expected (error token is "<80 | <24")
stty: 'standard input': Inappropriate ioctl for device
stty: 'standard input': Inappropriate ioctl for device
/usr/bin/bashtop: line 660: ((: <80 | <24: syntax error: operand expected (error token is "<80 | <24")
stty: 'standard input': Inappropriate ioctl for device
stty: 'standard input': Inappropriate ioctl for device
/usr/bin/bashtop: line 660: ((: <80 | <24: syntax error: operand expected (error token is "<80 | <24")
stty: 'standard input': Inappropriate ioctl for device
stty: 'standard input': Inappropriate ioctl for device
/usr/bin/bashtop: line 660: ((: <80 | <24: syntax error: operand expected (error token is "<80 | <24")
stty: 'standard input': Inappropriate ioctl for device
stty: 'standard input': Inappropriate ioctl for device
/usr/bin/bashtop: line 660: ((: <80 | <24: syntax error: operand expected (error token is "<80 | <24")
stty: 'standard input': Inappropriate ioctl for device
stty: 'standard input': Inappropriate ioctl for device
/usr/bin/bashtop: line 660: ((: <80 | <24: syntax error: operand expected (error token is "<80 | <24")
stty: 'standard input': Inappropriate ioctl for device
stty: 'standard input': Inappropriate ioctl for device
/usr/bin/bashtop: line 660: ((: <80 | <24: syntax error: operand expected (error token is "<80 | <24")
stty: 'standard input': Inappropriate ioctl for device
stty: 'standard input': Inappropriate ioctl for device
/usr/bin/bashtop: line 660: ((: <80 | <24: syntax error: operand expected (error token is "<80 | <24")
stty: 'standard input': Inappropriate ioctl for device
stty: 'standard input': Inappropriate ioctl for device
/usr/bin/bashtop: line 660: ((: <80 | <24: syntax error: operand expected (error token is "<80 | <24")
stty: 'standard input': Inappropriate ioctl for device
stty: 'standard input': Inappropriate ioctl for device
/usr/bin/bashtop: line 660: ((: <80 | <24: syntax error: operand expected (error token is "<80 | <24")
stty: 'standard input': Inappropriate ioctl for device
stty: 'standard input': Inappropriate ioctl for device
/usr/bin/bashtop: line 660: ((: <80 | <24: syntax error: operand expected (error token is "<80 | <24")
stty: 'standard input': Inappropriate ioctl for device
stty: 'standard input': Inappropriate ioctl for device
/usr/bin/bashtop: line 660: ((: <80 | <24: syntax error: operand expected (error token is "<80 | <24")
stty: 'standard input': Inappropriate ioctl for device
stty: 'standard input': Inappropriate ioctl for device
/usr/bin/bashtop: line 660: ((: <80 | <24: syntax error: operand expected (error token is "<80 | <24")
stty: 'standard input': Inappropriate ioctl for device
stty: 'standard input': Inappropriate ioctl for device
/usr/bin/bashtop: line 660: ((: <80 | <24: syntax error: operand expected (error token is "<80 | <24")
stty: 'standard input': Inappropriate ioctl for device
stty: 'standard input': Inappropriate ioctl for device
/usr/bin/bashtop: line 660: ((: <80 | <24: syntax error: operand expected (error token is "<80 | <24")
stty: 'standard input': Inappropriate ioctl for device
stty: 'standard input': Inappropriate ioctl for device
/usr/bin/bashtop: line 660: ((: <80 | <24: syntax error: operand expected (error token is "<80 | <24")
stty: 'standard input': Inappropriate ioctl for device
stty: 'standard input': Inappropriate ioctl for device
/usr/bin/bashtop: line 660: ((: <80 | <24: syntax error: operand expected (error token is "<80 | <24")
stty: 'standard input': Inappropriate ioctl for device
stty: 'standard input': Inappropriate ioctl for device
/usr/bin/bashtop: line 660: ((: <80 | <24: syntax error: operand expected (error token is "<80 | <24")
stty: 'standard input': Inappropriate ioctl for device
stty: 'standard input': Inappropriate ioctl for device
/usr/bin/bashtop: line 660: ((: <80 | <24: syntax error: operand expected (error token is "<80 | <24")
stty: 'standard input': Inappropriate ioctl for device
stty: 'standard input': Inappropriate ioctl for device
/usr/bin/bashtop: line 660: ((: <80 | <24: syntax error: operand expected (error token is "<80 | <24")
stty: 'standard input': Inappropriate ioctl for device
stty: 'standard input': Inappropriate ioctl for device
/usr/bin/bashtop: line 660: ((: <80 | <24: syntax error: operand expected (error token is "<80 | <24")
stty: 'standard input': Inappropriate ioctl for device
stty: 'standard input': Inappropriate ioctl for device
/usr/bin/bashtop: line 660: ((: <80 | <24: syntax error: operand expected (error token is "<80 | <24")
stty: 'standard input': Inappropriate ioctl for device
stty: 'standard input': Inappropriate ioctl for device
/usr/bin/bashtop: line 660: ((: <80 | <24: syntax error: operand expected (error token is "<80 | <24")
stty: 'standard input': Inappropriate ioctl for device
stty: 'standard input': Inappropriate ioctl for device
/usr/bin/bashtop: line 660: ((: <80 | <24: syntax error: operand expected (error token is "<80 | <24")
stty: 'standard input': Inappropriate ioctl for device
stty: 'standard input': Inappropriate ioctl for device
/usr/bin/bashtop: line 660: ((: <80 | <24: syntax error: operand expected (error token is "<80 | <24")
stty: 'standard input': Inappropriate ioctl for device
stty: 'standard input': Inappropriate ioctl for device
/usr/bin/bashtop: line 660: ((: <80 | <24: syntax error: operand expected (error token is "<80 | <24")
stty: 'standard input': Inappropriate ioctl for device
stty: 'standard input': Inappropriate ioctl for device
/usr/bin/bashtop: line 660: ((: <80 | <24: syntax error: operand expected (error token is "<80 | <24")
stty: 'standard input': Inappropriate ioctl for device
stty: 'standard input': Inappropriate ioctl for device
/usr/bin/bashtop: line 660: ((: <80 | <24: syntax error: operand expected (error token is "<80 | <24")
stty: 'standard input': Inappropriate ioctl for device
stty: 'standard input': Inappropriate ioctl for device
/usr/bin/bashtop: line 660: ((: <80 | <24: syntax error: operand expected (error token is "<80 | <24")
stty: 'standard input': Inappropriate ioctl for device
stty: 'standard input': Inappropriate ioctl for device
/usr/bin/bashtop: line 660: ((: <80 | <24: syntax error: operand expected (error token is "<80 | <24")
stty: 'standard input': Inappropriate ioctl for device
stty: 'standard input': Inappropriate ioctl for device
/usr/bin/bashtop: line 660: ((: <80 | <24: syntax error: operand expected (error token is "<80 | <24")
stty: 'standard input': Inappropriate ioctl for device
stty: 'standard input': Inappropriate ioctl for device
/usr/bin/bashtop: line 660: ((: <80 | <24: syntax error: operand expected (error token is "<80 | <24")
stty: 'standard input': Inappropriate ioctl for device
stty: 'standard input': Inappropriate ioctl for device
/usr/bin/bashtop: line 660: ((: <80 | <24: syntax error: operand expected (error token is "<80 | <24")
stty: 'standard input': Inappropriate ioctl for device
stty: 'standard input': Inappropriate ioctl for device
/usr/bin/bashtop: line 660: ((: <80 | <24: syntax error: operand expected (error token is "<80 | <24")
stty: 'standard input': Inappropriate ioctl for device
stty: 'standard input': Inappropriate ioctl for device
/usr/bin/bashtop: line 660: ((: <80 | <24: syntax error: operand expected (error token is "<80 | <24")
stty: 'standard input': Inappropriate ioctl for device
stty: 'standard input': Inappropriate ioctl for device
/usr/bin/bashtop: line 660: ((: <80 | <24: syntax error: operand expected (error token is "<80 | <24")
stty: 'standard input': Inappropriate ioctl for device
stty: 'standard input': Inappropriate ioctl for device
/usr/bin/bashtop: line 660: ((: <80 | <24: syntax error: operand expected (error token is "<80 | <24")
stty: 'standard input': Inappropriate ioctl for device
stty: 'standard input': Inappropriate ioctl for device
/usr/bin/bashtop: line 660: ((: <80 | <24: syntax error: operand expected (error token is "<80 | <24")
stty: 'standard input': Inappropriate ioctl for device
stty: 'standard input': Inappropriate ioctl for device
/usr/bin/bashtop: line 660: ((: <80 | <24: syntax error: operand expected (error token is "<80 | <24")
stty: 'standard input': Inappropriate ioctl for device
stty: 'standard input': Inappropriate ioctl for device
/usr/bin/bashtop: line 660: ((: <80 | <24: syntax error: operand expected (error token is "<80 | <24")
stty: 'standard input': Inappropriate ioctl for device
stty: 'standard input': Inappropriate ioctl for device
/usr/bin/bashtop: line 660: ((: <80 | <24: syntax error: operand expected (error token is "<80 | <24")
stty: 'standard input': Inappropriate ioctl for device
stty: 'standard input': Inappropriate ioctl for device
/usr/bin/bashtop: line 660: ((: <80 | <24: syntax error: operand expected (error token is "<80 | <24")
stty: 'standard input': Inappropriate ioctl for device
stty: 'standard input': Inappropriate ioctl for device
/usr/bin/bashtop: line 660: ((: <80 | <24: syntax error: operand expected (error token is "<80 | <24")
stty: 'standard input': Inappropriate ioctl for device
stty: 'standard input': Inappropriate ioctl for device
/usr/bin/bashtop: line 660: ((: <80 | <24: syntax error: operand expected (error token is "<80 | <24")
stty: 'standard input': Inappropriate ioctl for device
stty: 'standard input': Inappropriate ioctl for device
/usr/bin/bashtop: line 660: ((: <80 | <24: syntax error: operand expected (error token is "<80 | <24")
stty: 'standard input': Inappropriate ioctl for device
stty: 'standard input': Inappropriate ioctl for device
/usr/bin/bashtop: line 660: ((: <80 | <24: syntax error: operand expected (error token is "<80 | <24")
stty: 'standard input': Inappropriate ioctl for device
stty: 'standard input': Inappropriate ioctl for device
/usr/bin/bashtop: line 660: ((: <80 | <24: syntax error: operand expected (error token is "<80 | <24")
stty: 'standard input': Inappropriate ioctl for device
stty: 'standard input': Inappropriate ioctl for device
/usr/bin/bashtop: line 660: ((: <80 | <24: syntax error: operand expected (error token is "<80 | <24")
stty: 'standard input': Inappropriate ioctl for device
stty: 'standard input': Inappropriate ioctl for device
/usr/bin/bashtop: line 660: ((: <80 | <24: syntax error: operand expected (error token is "<80 | <24")
stty: 'standard input': Inappropriate ioctl for device
stty: 'standard input': Inappropriate ioctl for device
/usr/bin/bashtop: line 660: ((: <80 | <24: syntax error: operand expected (error token is "<80 | <24")
stty: 'standard input': Inappropriate ioctl for device
stty: 'standard input': Inappropriate ioctl for device
/usr/bin/bashtop: line 660: ((: <80 | <24: syntax error: operand expected (error token is "<80 | <24")
stty: 'standard input': Inappropriate ioctl for device
stty: 'standard input': Inappropriate ioctl for device
/usr/bin/bashtop: line 660: ((: <80 | <24: syntax error: operand expected (error token is "<80 | <24")
stty: 'standard input': Inappropriate ioctl for device
stty: 'standard input': Inappropriate ioctl for device
/usr/bin/bashtop: line 660: ((: <80 | <24: syntax error: operand expected (error token is "<80 | <24")
stty: 'standard input': Inappropriate ioctl for device
stty: 'standard input': Inappropriate ioctl for device
/usr/bin/bashtop: line 660: ((: <80 | <24: syntax error: operand expected (error token is "<80 | <24")
stty: 'standard input': Inappropriate ioctl for device
stty: 'standard input': Inappropriate ioctl for device
/usr/bin/bashtop: line 660: ((: <80 | <24: syntax error: operand expected (error token is "<80 | <24")
stty: 'standard input': Inappropriate ioctl for device
stty: 'standard input': Inappropriate ioctl for device
/usr/bin/bashtop: line 660: ((: <80 | <24: syntax error: operand expected (error token is "<80 | <24")
stty: 'standard input': Inappropriate ioctl for device
stty: 'standard input': Inappropriate ioctl for device
/usr/bin/bashtop: line 660: ((: <80 | <24: syntax error: operand expected (error token is "<80 | <24")
stty: 'standard input': Inappropriate ioctl for device
stty: 'standard input': Inappropriate ioctl for device
/usr/bin/bashtop: line 660: ((: <80 | <24: syntax error: operand expected (error token is "<80 | <24")
stty: 'standard input': Inappropriate ioctl for device
stty: 'standard input': Inappropriate ioctl for device
/usr/bin/bashtop: line 660: ((: <80 | <24: syntax error: operand expected (error token is "<80 | <24")
stty: 'standard input': Inappropriate ioctl for device
stty: 'standard input': Inappropriate ioctl for device
/usr/bin/bashtop: line 660: ((: <80 | <24: syntax error: operand expected (error token is "<80 | <24")
stty: 'standard input': Inappropriate ioctl for device
stty: 'standard input': Inappropriate ioctl for device
/usr/bin/bashtop: line 660: ((: <80 | <24: syntax error: operand expected (error token is "<80 | <24")
stty: 'standard input': Inappropriate ioctl for device
stty: 'standard input': Inappropriate ioctl for device
/usr/bin/bashtop: line 660: ((: <80 | <24: syntax error: operand expected (error token is "<80 | <24")
stty: 'standard input': Inappropriate ioctl for device
stty: 'standard input': Inappropriate ioctl for device
/usr/bin/bashtop: line 660: ((: <80 | <24: syntax error: operand expected (error token is "<80 | <24")
 
New instance of bashtop version: 0.9.25 Pid: 15890
 
New instance of bashtop version: 0.9.25 Pid: 14407
 
New instance of bashtop version: 0.9.25 Pid: 5566
 
New instance of bashtop version: 0.9.25 Pid: 20637
 
New instance of bashtop version: 0.9.25 Pid: 71717
 
New instance of bashtop version: 0.9.25 Pid: 22221
 
New instance of bashtop version: 0.9.25 Pid: 10400
 
New instance of bashtop version: 0.9.25 Pid: 2722
 
New instance of bashtop version: 0.9.25 Pid: 10024
 
New instance of bashtop version: 0.9.25 Pid: 24644
 
New instance of bashtop version: 0.9.25 Pid: 12817
 
New instance of bashtop version: 0.9.25 Pid: 7574
/usr/bin/bashtop: line 4820: read: -t: invalid file descriptor specification
/usr/bin/bashtop: line 4817: ${pycoproc[1]}: ambiguous redirect
/usr/bin/bashtop: line 4820: read: -t: invalid file descriptor specification
/usr/bin/bashtop: line 4817: ${pycoproc[1]}: ambiguous redirect
12:28:33 PM ERROR: On line 4817 
/usr/bin/bashtop: line 4820: read: -t: invalid file descriptor specification
/usr/bin/bashtop: line 4817: ${pycoproc[1]}: ambiguous redirect
12:28:33 PM ERROR: On line 4817 (MUTED!)
/usr/bin/bashtop: line 4820: read: -t: invalid file descriptor specification
/usr/bin/bashtop: line 4817: ${pycoproc[1]}: ambiguous redirect
/usr/bin/bashtop: line 4820: read: -t: invalid file descriptor specification
/usr/bin/bashtop: line 4817: ${pycoproc[1]}: ambiguous redirect
/usr/bin/bashtop: line 4820: read: -t: invalid file descriptor specification
/usr/bin/bashtop: line 4817: ${pycoproc[1]}: ambiguous redirect
/usr/bin/bashtop: line 4820: read: -t: invalid file descriptor specification
12:28:34 PM ERROR: On line 471 
/usr/bin/bashtop: line 4817: ${pycoproc[1]}: ambiguous redirect
/usr/bin/bashtop: line 4820: read: -t: invalid file descriptor specification
/usr/bin/bashtop: line 4806: ${pycoproc[1]}: ambiguous redirect
 
New instance of bashtop version: 0.9.25 Pid: 6804
 
New instance of bashtop version: 0.9.25 Pid: 26274
 
New instance of bashtop version: 0.9.25 Pid: 7831
 
New instance of bashtop version: 0.9.25 Pid: 45067
